<?xml version="1.0" encoding="UTF-8"?>
<testsuite xmlns:xsi="http://www.w3.org/2001/XMLSchema-instance" xsi:noNamespaceSchemaLocation="https://maven.apache.org/surefire/maven-surefire-plugin/xsd/surefire-test-report-3.0.xsd" version="3.0" name="runners.TestRunner" time="98.537" tests="11" errors="0" skipped="0" failures="0">
  <properties>
[...]
</properties>
  <testcase name="runScenario[&quot;Search for a valid city name&quot;, &quot;City Search Module&quot;](1)" classname="runners.TestRunner" time="6.27">
    <system-out><![CDATA[
@ValidCitySearch
Scenario Outline: Search for a valid city name       # file:///F:/capstone%20project/bookmyshow/features/city.feature:14
  âœ” Given User is on the city selection page         # stepDefinitions.CitySearchSteps.user_is_on_the_city_selection_page()
  âœ” When I search for city "Ranchi"                  # stepDefinitions.CitySearchSteps.i_search_for_city(java.lang.String)
  âœ” Then I should see "Ranchi" in the search results # stepDefinitions.CitySearchSteps.i_should_see_in_the_search_results(java.lang.String)
Ranchi
  âœ” And verify dropdown text should be "Ranchi"      # stepDefinitions.CitySearchSteps.verify_dropdown_text_should_be(java.lang.String)
]]></system-out>
    <system-err><![CDATA[SLF4J(W): No SLF4J providers were found.
SLF4J(W): Defaulting to no-operation (NOP) logger implementation
SLF4J(W): See https://www.slf4j.org/codes.html#noProviders for further details.
]]></system-err>
  </testcase>
  <testcase name="runScenario[&quot;Search for an invalid city name&quot;, &quot;City Search Module&quot;](2)" classname="runners.TestRunner" time="4.474">
    <system-out><![CDATA[
@InvalidCitySearch
Scenario Outline: Search for an invalid city name          # file:///F:/capstone%20project/bookmyshow/features/city.feature:23
  âœ” Given User is on the city selection page               # stepDefinitions.CitySearchSteps.user_is_on_the_city_selection_page()
  âœ” When I search for city "AtlantisCity"                  # stepDefinitions.CitySearchSteps.i_search_for_city(java.lang.String)
  âœ” Then I should see an error message "No results found." # stepDefinitions.CitySearchSteps.i_should_see_an_error_message(java.lang.String)
]]></system-out>
  </testcase>
  <testcase name="runScenario[&quot;Select city by choosing a city icon&quot;, &quot;City Search Module&quot;](3)" classname="runners.TestRunner" time="8.079">
    <system-out><![CDATA[
@CityIcons
Scenario Outline: Select city by choosing a city icon # file:///F:/capstone%20project/bookmyshow/features/city.feature:32
  âœ” Given User is on the city selection page          # stepDefinitions.CitySearchSteps.user_is_on_the_city_selection_page()
Mumbai
Delhi-NCR
  âœ” When I select the city icon "Delhi"               # stepDefinitions.CitySearchSteps.i_select_the_city_icon(java.lang.String)
Delhi-NCR
  âœ” Then verify dropdown text should be "Delhi"       # stepDefinitions.CitySearchSteps.verify_dropdown_text_should_be(java.lang.String)
]]></system-out>
  </testcase>
  <testcase name="runScenario[&quot;View all cities and validate additional city names&quot;, &quot;City Search Module&quot;](4)" classname="runners.TestRunner" time="12.882">
    <system-out><![CDATA[
@ViewAllCities
Scenario Outline: View all cities and validate additional city names      # file:///F:/capstone%20project/bookmyshow/features/city.feature:42
  âœ” Given User is on the city selection page                              # stepDefinitions.CitySearchSteps.user_is_on_the_city_selection_page()
  âœ” When I click on "View All Cities"                                     # stepDefinitions.CitySearchSteps.i_click_on(java.lang.String)
  âœ” Then I should see city names like "Nagpur" and "Bhubaneswar"          # stepDefinitions.CitySearchSteps.i_should_see_city_names_like_and(java.lang.String,java.lang.String)
  âœ” And verify "Nagpur" and "Bhubaneswar" should not be in popular cities # stepDefinitions.CitySearchSteps.verify_cities_not_in_popular_cities(java.lang.String,java.lang.String)
]]></system-out>
  </testcase>
  <testcase name="runScenario[&quot;Navigate to the Gift Card section and validate Check Gift Card Balance icon&quot;, &quot;Gift Card Module&quot;](5)" classname="runners.TestRunner" time="5.674">
    <system-out><![CDATA[
@GiftCardNavigation
Scenario Outline: Navigate to the Gift Card section and validate Check Gift Card Balance icon # file:///F:/capstone%20project/bookmyshow/features/giftcard.feature:13
  âœ” Given User is on home page and select city "Ranchi"                                       # stepDefinitions.LoginSteps.User_is_on_home_page_and_select_city(java.lang.String)
  âœ” When User navigate to the gift card section                                               # stepDefinitions.GiftCardSteps.user_navigate_to_the_section()
  âœ” Then User should see the "Check Gift Card Balance" icon displayed                         # stepDefinitions.GiftCardSteps.user_should_see_the_icon_displayed(java.lang.String)
]]></system-out>
  </testcase>
  <testcase name="runScenario[&quot;Validate error message for invalid gift card voucher&quot;, &quot;Gift Card Module&quot;](6)" classname="runners.TestRunner" time="6.5">
    <system-out><![CDATA[
@GiftCardInvalidVoucher
Scenario Outline: Validate error message for invalid gift card voucher # file:///F:/capstone%20project/bookmyshow/features/giftcard.feature:25
  âœ” Given User is on home page and select city "Ranchi"                # stepDefinitions.LoginSteps.User_is_on_home_page_and_select_city(java.lang.String)
  âœ” When User navigate to the gift card section                        # stepDefinitions.GiftCardSteps.user_navigate_to_the_section()
  âœ” When User click on the "Check Gift Card Balance" icon              # stepDefinitions.GiftCardSteps.user_click_on_the_icon(java.lang.String)
  âœ” And User enter an invalid voucher code "12345ABCD"                 # stepDefinitions.GiftCardSteps.user_enter_an_invalid_voucher_code(java.lang.String)
  âœ” And User click on the "Check Balance" button                       # stepDefinitions.GiftCardSteps.user_click_on_the_button(java.lang.String)
  âœ” Then User should see an error message "Please verify input"        # stepDefinitions.GiftCardSteps.user_should_see_an_error_message(java.lang.String)
]]></system-out>
  </testcase>
  <testcase name="runScenario[&quot;Valid login with mobile and OTP&quot;, &quot;Login to BookMyShow&quot;](7)" classname="runners.TestRunner" time="8.629">
    <system-out><![CDATA[
@ValidLogin
Scenario Outline: Valid login with mobile and OTP       # file:///F:/capstone%20project/bookmyshow/features/login.feature:18
  âœ” Given User is on home page and select city "Ranchi" # stepDefinitions.LoginSteps.User_is_on_home_page_and_select_city(java.lang.String)
  âœ” When User is on Login Page                          # stepDefinitions.LoginSteps.user_is_on_login_page()
deleted
  âœ” And User enters mobile number "8709095528"          # stepDefinitions.LoginSteps.user_enters_mobile_number(java.lang.String)
  âœ” And Clicks on Continue                              # stepDefinitions.LoginSteps.clicks_on_continue()
  âœ” Then Verify Otp page                                # stepDefinitions.LoginSteps.Verify_Otp_page()
  âœ” And back to login page                              # stepDefinitions.LoginSteps.back_to_login_page()
  âœ” And close popup                                     # stepDefinitions.LoginSteps.close_popup()
]]></system-out>
  </testcase>
  <testcase name="runScenario[&quot;Invalid login with mobile&quot;, &quot;Login to BookMyShow&quot;](8)" classname="runners.TestRunner" time="9.06">
    <system-out><![CDATA[
@InvalidLogin
Scenario Outline: Invalid login with mobile             # file:///F:/capstone%20project/bookmyshow/features/login.feature:29
  âœ” Given User is on home page and select city "Ranchi" # stepDefinitions.LoginSteps.User_is_on_home_page_and_select_city(java.lang.String)
  âœ” When User is on Login Page                          # stepDefinitions.LoginSteps.user_is_on_login_page()
deleted
  âœ” And User enters mobile number "12345678"            # stepDefinitions.LoginSteps.user_enters_mobile_number(java.lang.String)
  âœ” Then Verify message "Invalid mobile number"         # stepDefinitions.LoginSteps.Verify_message(java.lang.String)
  âœ” And close popup                                     # stepDefinitions.LoginSteps.close_popup()
]]></system-out>
  </testcase>
  <testcase name="runScenario[&quot;Verify all login UI elements are functional and visible&quot;, &quot;Login to BookMyShow&quot;](9)" classname="runners.TestRunner" time="22.381">
    <system-out><![CDATA[
@UIValidation
Scenario Outline: Verify all login UI elements are functional and visible # file:///F:/capstone%20project/bookmyshow/features/login.feature:44
  âœ” Given User is on home page and select city "Ranchi"                   # stepDefinitions.LoginSteps.User_is_on_home_page_and_select_city(java.lang.String)
  âœ” When User is on Login Page                                            # stepDefinitions.LoginSteps.user_is_on_login_page()
  âœ” Then Verify that mobile number field is visible                       # stepDefinitions.LoginSteps.verify_that_mobile_number_field_is_visible()
  âœ” And Verify that Continue button is not visible                        # stepDefinitions.LoginSteps.verify_that_continue_button_is_not_visible()
deleted
  âœ” When User enters mobile number "1234567812"                           # stepDefinitions.LoginSteps.user_enters_mobile_number(java.lang.String)
  âœ” Then verify continue button is visible but should disable             # stepDefinitions.LoginSteps.verify_continue_button_is_visible_but_should_disable()
deleted
  âœ” When User enters mobile number "8709095528"                           # stepDefinitions.LoginSteps.user_enters_mobile_number(java.lang.String)
  âœ” Then Verify continue button should enabled                            # stepDefinitions.LoginSteps.then_verify_continue_button_should_enabled()
  âœ” And close popup                                                       # stepDefinitions.LoginSteps.close_popup()
]]></system-out>
  </testcase>
  <testcase name="runScenario[&quot;Select first movie from recommended movies and validate movie details&quot;, &quot;Movie Search Module&quot;](10)" classname="runners.TestRunner" time="7.087">
    <system-out><![CDATA[
@CurrentMovies
Scenario: Select first movie from recommended movies and validate movie details # file:///F:/capstone%20project/bookmyshow/features/movie.feature:7
  âœ” Given User is on home page and select city "Ranchi"                         # stepDefinitions.LoginSteps.User_is_on_home_page_and_select_city(java.lang.String)
  âœ” When I select the first movie from the Recommended Movies section           # stepDefinitions.MovieSteps.i_select_the_first_movie_from_the_recommended_movies_section()
  âœ” Then I should see the movie details page                                    # stepDefinitions.MovieSteps.i_should_see_the_movie_details_page()
  âœ” And the movie name should be displayed                                      # stepDefinitions.MovieSteps.the_movie_name_should_be_displayed()
  âœ” And the movie poster should be visible                                      # stepDefinitions.MovieSteps.the_movie_poster_should_be_visible()
  âœ” And the booking option should be available                                  # stepDefinitions.MovieSteps.the_booking_option_should_be_available()
]]></system-out>
  </testcase>
  <testcase name="runScenario[&quot;Navigate to upcoming movies and validate &quot;In Cinemas Near You&quot; link&quot;, &quot;Movie Search Module&quot;](11)" classname="runners.TestRunner" time="6.512">
    <system-out><![CDATA[
@UpcomingMovies
Scenario: Navigate to upcoming movies and validate "In Cinemas Near You" link # file:///F:/capstone%20project/bookmyshow/features/movie.feature:16
  âœ” Given User is on home page and select city "Ranchi"                       # stepDefinitions.LoginSteps.User_is_on_home_page_and_select_city(java.lang.String)
  âœ” When I click on the Movies tab                                            # stepDefinitions.MovieSteps.i_click_on_the_movies_tab()
  âœ” And I click on the "Explore Upcoming Movies" link                         # stepDefinitions.MovieSteps.i_click_on_the_link(java.lang.String)
  âœ” Then I should see the "In Cinemas Near You" link displayed                # stepDefinitions.MovieSteps.i_should_see_the_link_displayed(java.lang.String)
]]></system-out>
  </testcase>
</testsuite>